<?xml version="1.0" encoding="UTF-8"?>
<!-- Generated by org.testng.reporters.JUnitReportReporter -->
<testsuite hostname="DESKTOP-GP7HHV3" failures="0" tests="1" name="testNGbasicsPractice.LoginTestPractice" time="11.386" errors="0" timestamp="2024-02-12T17:57:04 IST" skipped="0">
  <testcase classname="testNGbasicsPractice.LoginTestPractice" name="login" time="11.386"/>
</testsuite> <!-- testNGbasicsPractice.LoginTestPractice -->
