<?xml version="1.0" encoding="UTF-8"?>
<!-- Generated by org.testng.reporters.JUnitReportReporter -->
<testsuite hostname="DESKTOP-GP7HHV3" failures="0" tests="1" name="testNGbasicsPractice.RegisterTestPractice" time="8.213" errors="0" timestamp="2024-02-12T17:55:00 IST" skipped="0">
  <testcase classname="testNGbasicsPractice.RegisterTestPractice" name="register" time="8.213"/>
</testsuite> <!-- testNGbasicsPractice.RegisterTestPractice -->
